2022-02-07 19:39:13.996 pizzaDelivery[44699:1220562] 
Unhandled Exception:
System.InvalidOperationException: ExecuteReader requires an open and available Connection. The connection's current state is closed.
  at System.Data.SqlClient.SqlCommand.ValidateCommand (System.Boolean async, System.String method) [0x0005c] in /Library/Frameworks/Xamarin.Mac.framework/Versions/Current/src/Xamarin.Mac/external/corefx/src/System.Data.SqlClient/src/System/Data/SqlClient/SqlCommand.cs:2832 
  at System.Data.SqlClient.SqlCommand.RunExecuteReader (System.Data.CommandBehavior cmdBehavior, System.Data.SqlClient.RunBehavior runBehavior, System.Boolean returnStream, System.Threading.Tasks.TaskCompletionSource`1[TResult] completion, System.Int32 timeout, System.Threading.Tasks.Task& task, System.Boolean asyncWrite, System.String method) [0x0001b] in /Library/Frameworks/Xamarin.Mac.framework/Versions/Current/src/Xamarin.Mac/external/corefx/src/System.Data.SqlClient/src/System/Data/SqlClient/SqlCommand.cs:2430 
  at System.Data.SqlClient.SqlCommand.RunExecuteReader (System.Data.CommandBehavior cmdBehavior, System.Data.SqlClient.RunBehavior runBehavior, System.Boolean returnStream, System.String method) [0x00000] in /Library/Frameworks/Xamarin.Mac.framework/Versions/Current/src/Xamarin.Mac/external/corefx/src/System.Data.SqlClient/src/System/Data/SqlClient/SqlCommand.cs:2408 
  at System.Data.SqlClient.SqlCommand.ExecuteReader (System.Data.CommandBehavior behavior) [0x0003c] in /Library/Frameworks/Xamarin.Mac.framework/Versions/Current/src/Xamarin.Mac/external/corefx/src/System.Data.SqlClient/src/System/Data/SqlClient/SqlCommand.cs:1426 
  at System.Data.SqlClient.SqlCommand.ExecuteReader () [0x0000e] in /Library/Frameworks/Xamarin.Mac.framework/Versions/Current/src/Xamarin.Mac/external/corefx/src/System.Data.SqlClient/src/System/Data/SqlClient/SqlCommand.cs:1399 
  at (wrapper remoting-invoke-with-check) System.Data.SqlClient.SqlCommand.ExecuteReader()
  at pizzaDeliveryApp.BasketViewController.ViewDidLoad () [0x00030] in /Users/ilgamnafikov/Projects/pizzaDeliveryApp/pizzaDeliveryApp/BasketViewController.cs:90 
  at (wrapper managed-to-native) AppKit.NSApplication.NSApplicationMain(int,string[])
  at AppKit.NSApplication.Main (System.String[] args) [0x00040] in /Users/builder/azdo/_work/1/s/xamarin-macios/src/AppKit/NSApplication.cs:120 
  at pizzaDeliveryApp.MainClass.Main (System.String[] args) [0x00007] in /Users/ilgamnafikov/Projects/pizzaDeliveryApp/pizzaDeliveryApp/Main.cs:10 
[ERROR] FATAL UNHANDLED EXCEPTION: System.InvalidOperationException: ExecuteReader requires an open and available Connection. The connection's current state is closed.
  at System.Data.SqlClient.SqlCommand.ValidateCommand (System.Boolean async, System.String method) [0x0005c] in /Library/Frameworks/Xamarin.Mac.framework/Versions/Current/src/Xamarin.Mac/external/corefx/src/System.Data.SqlClient/src/System/Data/SqlClient/SqlCommand.cs:2832 
  at System.Data.SqlClient.SqlCommand.RunExecuteReader (System.Data.CommandBehavior cmdBehavior, System.Data.SqlClient.RunBehavior runBehavior, System.Boolean returnStream, System.Threading.Tasks.TaskCompletionSource`1[TResult] completion, System.Int32 timeout, System.Threading.Tasks.Task& task, System.Boolean asyncWrite, System.String method) [0x0001b] in /Library/Frameworks/Xamarin.Mac.framework/Versions/Current/src/Xamarin.Mac/external/corefx/src/System.Data.SqlClient/src/System/Data/SqlClient/SqlCommand.cs:2430 
  at System.Data.SqlClient.SqlCommand.RunExecuteReader (System.Data.CommandBehavior cmdBehavior, System.Data.SqlClient.RunBehavior runBehavior, System.Boolean returnStream, System.String method) [0x00000] in /Library/Frameworks/Xamarin.Mac.framework/Versions/Current/src/Xamarin.Mac/external/corefx/src/System.Data.SqlClient/src/System/Data/SqlClient/SqlCommand.cs:2408 
  at System.Data.SqlClient.SqlCommand.ExecuteReader (System.Data.CommandBehavior behavior) [0x0003c] in /Library/Frameworks/Xamarin.Mac.framework/Versions/Current/src/Xamarin.Mac/external/corefx/src/System.Data.SqlClient/src/System/Data/SqlClient/SqlCommand.cs:1426 
  at System.Data.SqlClient.SqlCommand.ExecuteReader () [0x0000e] in /Library/Frameworks/Xamarin.Mac.framework/Versions/Current/src/Xamarin.Mac/external/corefx/src/System.Data.SqlClient/src/System/Data/SqlClient/SqlCommand.cs:1399 
  at (wrapper remoting-invoke-with-check) System.Data.SqlClient.SqlCommand.ExecuteReader()
  at pizzaDeliveryApp.BasketViewController.ViewDidLoad () [0x00030] in /Users/ilgamnafikov/Projects/pizzaDeliveryApp/pizzaDeliveryApp/BasketViewController.cs:90 
  at (wrapper managed-to-native) AppKit.NSApplication.NSApplicationMain(int,string[])
  at AppKit.NSApplication.Main (System.String[] args) [0x00040] in /Users/builder/azdo/_work/1/s/xamarin-macios/src/AppKit/NSApplication.cs:120 
  at pizzaDeliveryApp.MainClass.Main (System.String[] args) [0x00007] in /Users/ilgamnafikov/Projects/pizzaDeliveryApp/pizzaDeliveryApp/Main.cs:10 
